[22-Feb-2021 06:50:00 UTC] PHP Warning:  Creating default object from empty value in /bitnami/wordpress/gb/wp-content/plugins/all-in-one-wp-migration/lib/model/class-ai1wm-updater.php on line 92
[22-Feb-2021 06:50:00 UTC] PHP Warning:  Creating default object from empty value in /bitnami/wordpress/gb/wp-content/plugins/all-in-one-wp-migration/lib/model/class-ai1wm-updater.php on line 92
[22-Feb-2021 07:02:37 UTC] PHP Warning:  Creating default object from empty value in /bitnami/wordpress/gb/wp-content/plugins/all-in-one-wp-migration/lib/model/class-ai1wm-updater.php on line 92
[22-Feb-2021 07:02:37 UTC] PHP Warning:  Creating default object from empty value in /bitnami/wordpress/gb/wp-content/plugins/all-in-one-wp-migration/lib/model/class-ai1wm-updater.php on line 92
[22-Feb-2021 07:02:38 UTC] PHP Warning:  Creating default object from empty value in /bitnami/wordpress/gb/wp-content/plugins/all-in-one-wp-migration/lib/model/class-ai1wm-updater.php on line 92
[22-Feb-2021 07:02:39 UTC] PHP Warning:  Creating default object from empty value in /bitnami/wordpress/gb/wp-content/plugins/all-in-one-wp-migration/lib/model/class-ai1wm-updater.php on line 92
[18-Mar-2021 14:07:24 UTC] PHP Warning:  Creating default object from empty value in /bitnami/wordpress/gb/wp-content/plugins/all-in-one-wp-migration/lib/model/class-ai1wm-updater.php on line 92
[23-Mar-2021 14:36:48 UTC] PHP Warning:  Creating default object from empty value in /bitnami/wordpress/gb/wp-content/plugins/all-in-one-wp-migration/lib/model/class-ai1wm-updater.php on line 92
[23-Mar-2021 14:36:48 UTC] PHP Warning:  Creating default object from empty value in /bitnami/wordpress/gb/wp-content/plugins/all-in-one-wp-migration/lib/model/class-ai1wm-updater.php on line 92
[23-Mar-2021 14:36:49 UTC] PHP Warning:  Creating default object from empty value in /bitnami/wordpress/gb/wp-content/plugins/all-in-one-wp-migration/lib/model/class-ai1wm-updater.php on line 92
[23-Mar-2021 14:36:50 UTC] PHP Warning:  Creating default object from empty value in /bitnami/wordpress/gb/wp-content/plugins/all-in-one-wp-migration/lib/model/class-ai1wm-updater.php on line 92
[24-Mar-2021 13:46:52 UTC] PHP Warning:  Creating default object from empty value in /bitnami/wordpress/gb/wp-content/plugins/all-in-one-wp-migration/lib/model/class-ai1wm-updater.php on line 92
[24-Mar-2021 14:18:01 UTC] PHP Warning:  Creating default object from empty value in /bitnami/wordpress/gb/wp-content/plugins/all-in-one-wp-migration/lib/model/class-ai1wm-updater.php on line 92
[24-Mar-2021 14:20:01 UTC] PHP Warning:  Creating default object from empty value in /bitnami/wordpress/gb/wp-content/plugins/all-in-one-wp-migration/lib/model/class-ai1wm-updater.php on line 92
[24-Mar-2021 14:22:01 UTC] PHP Warning:  Creating default object from empty value in /bitnami/wordpress/gb/wp-content/plugins/all-in-one-wp-migration/lib/model/class-ai1wm-updater.php on line 92
[24-Mar-2021 14:24:01 UTC] PHP Warning:  Creating default object from empty value in /bitnami/wordpress/gb/wp-content/plugins/all-in-one-wp-migration/lib/model/class-ai1wm-updater.php on line 92
[24-Mar-2021 14:26:01 UTC] PHP Warning:  Creating default object from empty value in /bitnami/wordpress/gb/wp-content/plugins/all-in-one-wp-migration/lib/model/class-ai1wm-updater.php on line 92
[24-Mar-2021 14:28:01 UTC] PHP Warning:  Creating default object from empty value in /bitnami/wordpress/gb/wp-content/plugins/all-in-one-wp-migration/lib/model/class-ai1wm-updater.php on line 92
[24-Mar-2021 14:30:01 UTC] PHP Warning:  Creating default object from empty value in /bitnami/wordpress/gb/wp-content/plugins/all-in-one-wp-migration/lib/model/class-ai1wm-updater.php on line 92
[24-Mar-2021 14:32:02 UTC] PHP Warning:  Creating default object from empty value in /bitnami/wordpress/gb/wp-content/plugins/all-in-one-wp-migration/lib/model/class-ai1wm-updater.php on line 92
[24-Mar-2021 14:34:01 UTC] PHP Warning:  Creating default object from empty value in /bitnami/wordpress/gb/wp-content/plugins/all-in-one-wp-migration/lib/model/class-ai1wm-updater.php on line 92
[24-Mar-2021 14:36:01 UTC] PHP Warning:  Creating default object from empty value in /bitnami/wordpress/gb/wp-content/plugins/all-in-one-wp-migration/lib/model/class-ai1wm-updater.php on line 92
[24-Mar-2021 14:38:01 UTC] PHP Warning:  Creating default object from empty value in /bitnami/wordpress/gb/wp-content/plugins/all-in-one-wp-migration/lib/model/class-ai1wm-updater.php on line 92
[24-Mar-2021 14:40:01 UTC] PHP Warning:  Creating default object from empty value in /bitnami/wordpress/gb/wp-content/plugins/all-in-one-wp-migration/lib/model/class-ai1wm-updater.php on line 92
[24-Mar-2021 14:42:03 UTC] PHP Warning:  Creating default object from empty value in /bitnami/wordpress/gb/wp-content/plugins/all-in-one-wp-migration/lib/model/class-ai1wm-updater.php on line 92
[24-Mar-2021 14:44:01 UTC] PHP Warning:  Creating default object from empty value in /bitnami/wordpress/gb/wp-content/plugins/all-in-one-wp-migration/lib/model/class-ai1wm-updater.php on line 92
[24-Mar-2021 14:46:01 UTC] PHP Warning:  Creating default object from empty value in /bitnami/wordpress/gb/wp-content/plugins/all-in-one-wp-migration/lib/model/class-ai1wm-updater.php on line 92
[24-Mar-2021 14:48:01 UTC] PHP Warning:  Creating default object from empty value in /bitnami/wordpress/gb/wp-content/plugins/all-in-one-wp-migration/lib/model/class-ai1wm-updater.php on line 92
[24-Mar-2021 14:50:01 UTC] PHP Warning:  Creating default object from empty value in /bitnami/wordpress/gb/wp-content/plugins/all-in-one-wp-migration/lib/model/class-ai1wm-updater.php on line 92
[24-Mar-2021 14:52:01 UTC] PHP Warning:  Creating default object from empty value in /bitnami/wordpress/gb/wp-content/plugins/all-in-one-wp-migration/lib/model/class-ai1wm-updater.php on line 92
[24-Mar-2021 14:52:56 UTC] PHP Warning:  Creating default object from empty value in /bitnami/wordpress/gb/wp-content/plugins/all-in-one-wp-migration/lib/model/class-ai1wm-updater.php on line 92
[24-Mar-2021 14:55:01 UTC] PHP Warning:  Creating default object from empty value in /bitnami/wordpress/gb/wp-content/plugins/all-in-one-wp-migration/lib/model/class-ai1wm-updater.php on line 92
[24-Mar-2021 14:57:01 UTC] PHP Warning:  Creating default object from empty value in /bitnami/wordpress/gb/wp-content/plugins/all-in-one-wp-migration/lib/model/class-ai1wm-updater.php on line 92
[24-Mar-2021 14:59:02 UTC] PHP Warning:  Creating default object from empty value in /bitnami/wordpress/gb/wp-content/plugins/all-in-one-wp-migration/lib/model/class-ai1wm-updater.php on line 92
[24-Mar-2021 15:01:02 UTC] PHP Warning:  Creating default object from empty value in /bitnami/wordpress/gb/wp-content/plugins/all-in-one-wp-migration/lib/model/class-ai1wm-updater.php on line 92
[24-Mar-2021 16:24:17 UTC] PHP Warning:  Creating default object from empty value in /bitnami/wordpress/gb/wp-content/plugins/all-in-one-wp-migration/lib/model/class-ai1wm-updater.php on line 92
[24-Mar-2021 16:25:01 UTC] PHP Warning:  Creating default object from empty value in /bitnami/wordpress/gb/wp-content/plugins/all-in-one-wp-migration/lib/model/class-ai1wm-updater.php on line 92
[24-Mar-2021 16:25:01 UTC] PHP Warning:  Creating default object from empty value in /bitnami/wordpress/gb/wp-content/plugins/all-in-one-wp-migration/lib/model/class-ai1wm-updater.php on line 92
[24-Mar-2021 16:25:01 UTC] PHP Warning:  Creating default object from empty value in /bitnami/wordpress/gb/wp-content/plugins/all-in-one-wp-migration/lib/model/class-ai1wm-updater.php on line 92
[24-Mar-2021 16:25:02 UTC] PHP Warning:  Creating default object from empty value in /bitnami/wordpress/gb/wp-content/plugins/all-in-one-wp-migration/lib/model/class-ai1wm-updater.php on line 92
[24-Mar-2021 17:50:40 UTC] PHP Warning:  Creating default object from empty value in /bitnami/wordpress/gb/wp-content/plugins/all-in-one-wp-migration/lib/model/class-ai1wm-updater.php on line 92
[24-Mar-2021 17:51:36 UTC] PHP Warning:  Creating default object from empty value in /bitnami/wordpress/gb/wp-content/plugins/all-in-one-wp-migration/lib/model/class-ai1wm-updater.php on line 92
[24-Mar-2021 17:51:43 UTC] PHP Warning:  Creating default object from empty value in /bitnami/wordpress/gb/wp-content/plugins/all-in-one-wp-migration/lib/model/class-ai1wm-updater.php on line 92
[26-Mar-2021 14:15:01 UTC] PHP Warning:  Creating default object from empty value in /bitnami/wordpress/gb/wp-content/plugins/all-in-one-wp-migration/lib/model/class-ai1wm-updater.php on line 92
[26-Mar-2021 14:15:01 UTC] PHP Warning:  Creating default object from empty value in /bitnami/wordpress/gb/wp-content/plugins/all-in-one-wp-migration/lib/model/class-ai1wm-updater.php on line 92
[26-Mar-2021 14:15:03 UTC] PHP Warning:  Creating default object from empty value in /bitnami/wordpress/gb/wp-content/plugins/all-in-one-wp-migration/lib/model/class-ai1wm-updater.php on line 92
[26-Mar-2021 14:15:04 UTC] PHP Warning:  Creating default object from empty value in /bitnami/wordpress/gb/wp-content/plugins/all-in-one-wp-migration/lib/model/class-ai1wm-updater.php on line 92
[26-Mar-2021 16:06:30 UTC] PHP Fatal error:  Uncaught Error: Call to undefined function get_field_object() in /bitnami/wordpress/gb/wp-content/themes/whill-us-2017/front-page.php:6
Stack trace:
#0 /opt/bitnami/wordpress/gb/wp-includes/template-loader.php(106): include()
#1 /opt/bitnami/wordpress/gb/wp-blog-header.php(19): require_once('/opt/bitnami/wo...')
#2 /opt/bitnami/wordpress/gb/index.php(17): require('/opt/bitnami/wo...')
#3 {main}
  thrown in /bitnami/wordpress/gb/wp-content/themes/whill-us-2017/front-page.php on line 6
[26-Mar-2021 16:06:40 UTC] PHP Fatal error:  Uncaught Error: Call to undefined function get_field() in /bitnami/wordpress/gb/wp-content/themes/whill-us-2017/footer.php:205
Stack trace:
#0 /opt/bitnami/wordpress/gb/wp-includes/template.php(723): require_once()
#1 /opt/bitnami/wordpress/gb/wp-includes/template.php(672): load_template()
#2 /opt/bitnami/wordpress/gb/wp-includes/general-template.php(76): locate_template()
#3 /bitnami/wordpress/gb/wp-content/themes/whill-us-2017/404.php(21): get_footer()
#4 /opt/bitnami/wordpress/gb/wp-includes/template-loader.php(106): include('/bitnami/wordpr...')
#5 /opt/bitnami/wordpress/gb/wp-blog-header.php(19): require_once('/opt/bitnami/wo...')
#6 /opt/bitnami/wordpress/gb/index.php(17): require('/opt/bitnami/wo...')
#7 {main}
  thrown in /bitnami/wordpress/gb/wp-content/themes/whill-us-2017/footer.php on line 205
[26-Mar-2021 16:06:56 UTC] PHP Fatal error:  Uncaught Error: Call to undefined function get_field() in /bitnami/wordpress/gb/wp-content/themes/whill-us-2017/footer.php:205
Stack trace:
#0 /opt/bitnami/wordpress/gb/wp-includes/template.php(723): require_once()
#1 /opt/bitnami/wordpress/gb/wp-includes/template.php(672): load_template()
#2 /opt/bitnami/wordpress/gb/wp-includes/general-template.php(76): locate_template()
#3 /bitnami/wordpress/gb/wp-content/themes/whill-us-2017/404.php(21): get_footer()
#4 /opt/bitnami/wordpress/gb/wp-includes/template-loader.php(106): include('/bitnami/wordpr...')
#5 /opt/bitnami/wordpress/gb/wp-blog-header.php(19): require_once('/opt/bitnami/wo...')
#6 /opt/bitnami/wordpress/gb/index.php(17): require('/opt/bitnami/wo...')
#7 {main}
  thrown in /bitnami/wordpress/gb/wp-content/themes/whill-us-2017/footer.php on line 205
[26-Mar-2021 16:06:56 UTC] PHP Fatal error:  Uncaught Error: Call to undefined function get_field() in /bitnami/wordpress/gb/wp-content/themes/whill-us-2017/footer.php:205
Stack trace:
#0 /opt/bitnami/wordpress/gb/wp-includes/template.php(723): require_once()
#1 /opt/bitnami/wordpress/gb/wp-includes/template.php(672): load_template()
#2 /opt/bitnami/wordpress/gb/wp-includes/general-template.php(76): locate_template()
#3 /bitnami/wordpress/gb/wp-content/themes/whill-us-2017/404.php(21): get_footer()
#4 /opt/bitnami/wordpress/gb/wp-includes/template-loader.php(106): include('/bitnami/wordpr...')
#5 /opt/bitnami/wordpress/gb/wp-blog-header.php(19): require_once('/opt/bitnami/wo...')
#6 /opt/bitnami/wordpress/gb/index.php(17): require('/opt/bitnami/wo...')
#7 {main}
  thrown in /bitnami/wordpress/gb/wp-content/themes/whill-us-2017/footer.php on line 205
[26-Mar-2021 16:07:10 UTC] PHP Warning:  Creating default object from empty value in /bitnami/wordpress/gb/wp-content/plugins/all-in-one-wp-migration/lib/model/class-ai1wm-updater.php on line 92
[26-Mar-2021 16:07:10 UTC] PHP Warning:  Creating default object from empty value in /bitnami/wordpress/gb/wp-content/plugins/all-in-one-wp-migration/lib/model/class-ai1wm-updater.php on line 92
[26-Mar-2021 16:07:11 UTC] PHP Warning:  Creating default object from empty value in /bitnami/wordpress/gb/wp-content/plugins/all-in-one-wp-migration/lib/model/class-ai1wm-updater.php on line 92
[26-Mar-2021 16:07:12 UTC] PHP Warning:  Creating default object from empty value in /bitnami/wordpress/gb/wp-content/plugins/all-in-one-wp-migration/lib/model/class-ai1wm-updater.php on line 92
[26-Mar-2021 16:08:29 UTC] PHP Fatal error:  Uncaught Error: Call to undefined function get_field() in /bitnami/wordpress/gb/wp-content/themes/whill-us-2017/footer.php:205
Stack trace:
#0 /opt/bitnami/wordpress/gb/wp-includes/template.php(723): require_once()
#1 /opt/bitnami/wordpress/gb/wp-includes/template.php(672): load_template()
#2 /opt/bitnami/wordpress/gb/wp-includes/general-template.php(76): locate_template()
#3 /bitnami/wordpress/gb/wp-content/themes/whill-us-2017/page-products-lp.php(52): get_footer()
#4 /opt/bitnami/wordpress/gb/wp-includes/template-loader.php(106): include('/bitnami/wordpr...')
#5 /opt/bitnami/wordpress/gb/wp-blog-header.php(19): require_once('/opt/bitnami/wo...')
#6 /opt/bitnami/wordpress/gb/index.php(17): require('/opt/bitnami/wo...')
#7 {main}
  thrown in /bitnami/wordpress/gb/wp-content/themes/whill-us-2017/footer.php on line 205
[26-Mar-2021 16:08:44 UTC] PHP Fatal error:  Uncaught Error: Call to undefined function get_field() in /bitnami/wordpress/gb/wp-content/themes/whill-us-2017/footer.php:205
Stack trace:
#0 /opt/bitnami/wordpress/gb/wp-includes/template.php(723): require_once()
#1 /opt/bitnami/wordpress/gb/wp-includes/template.php(672): load_template()
#2 /opt/bitnami/wordpress/gb/wp-includes/general-template.php(76): locate_template()
#3 /bitnami/wordpress/gb/wp-content/themes/whill-us-2017/page-test-drive-form.php(64): get_footer()
#4 /opt/bitnami/wordpress/gb/wp-includes/template-loader.php(106): include('/bitnami/wordpr...')
#5 /opt/bitnami/wordpress/gb/wp-blog-header.php(19): require_once('/opt/bitnami/wo...')
#6 /opt/bitnami/wordpress/gb/index.php(17): require('/opt/bitnami/wo...')
#7 {main}
  thrown in /bitnami/wordpress/gb/wp-content/themes/whill-us-2017/footer.php on line 205
[26-Mar-2021 16:08:48 UTC] PHP Fatal error:  Uncaught Error: Call to undefined function get_field() in /bitnami/wordpress/gb/wp-content/themes/whill-us-2017/footer.php:205
Stack trace:
#0 /opt/bitnami/wordpress/gb/wp-includes/template.php(723): require_once()
#1 /opt/bitnami/wordpress/gb/wp-includes/template.php(672): load_template()
#2 /opt/bitnami/wordpress/gb/wp-includes/general-template.php(76): locate_template()
#3 /bitnami/wordpress/gb/wp-content/themes/whill-us-2017/page-where-to-buy.php(79): get_footer()
#4 /opt/bitnami/wordpress/gb/wp-includes/template-loader.php(106): include('/bitnami/wordpr...')
#5 /opt/bitnami/wordpress/gb/wp-blog-header.php(19): require_once('/opt/bitnami/wo...')
#6 /opt/bitnami/wordpress/gb/index.php(17): require('/opt/bitnami/wo...')
#7 {main}
  thrown in /bitnami/wordpress/gb/wp-content/themes/whill-us-2017/footer.php on line 205
[26-Mar-2021 16:08:49 UTC] PHP Fatal error:  Uncaught Error: Call to undefined function get_field() in /bitnami/wordpress/gb/wp-content/themes/whill-us-2017/footer.php:205
Stack trace:
#0 /opt/bitnami/wordpress/gb/wp-includes/template.php(723): require_once()
#1 /opt/bitnami/wordpress/gb/wp-includes/template.php(672): load_template()
#2 /opt/bitnami/wordpress/gb/wp-includes/general-template.php(76): locate_template()
#3 /bitnami/wordpress/gb/wp-content/themes/whill-us-2017/404.php(21): get_footer()
#4 /opt/bitnami/wordpress/gb/wp-includes/template-loader.php(106): include('/bitnami/wordpr...')
#5 /opt/bitnami/wordpress/gb/wp-blog-header.php(19): require_once('/opt/bitnami/wo...')
#6 /opt/bitnami/wordpress/gb/index.php(17): require('/opt/bitnami/wo...')
#7 {main}
  thrown in /bitnami/wordpress/gb/wp-content/themes/whill-us-2017/footer.php on line 205
[26-Mar-2021 16:08:49 UTC] PHP Fatal error:  Uncaught Error: Call to undefined function get_field() in /bitnami/wordpress/gb/wp-content/themes/whill-us-2017/footer.php:205
Stack trace:
#0 /opt/bitnami/wordpress/gb/wp-includes/template.php(723): require_once()
#1 /opt/bitnami/wordpress/gb/wp-includes/template.php(672): load_template()
#2 /opt/bitnami/wordpress/gb/wp-includes/general-template.php(76): locate_template()
#3 /bitnami/wordpress/gb/wp-content/themes/whill-us-2017/404.php(21): get_footer()
#4 /opt/bitnami/wordpress/gb/wp-includes/template-loader.php(106): include('/bitnami/wordpr...')
#5 /opt/bitnami/wordpress/gb/wp-blog-header.php(19): require_once('/opt/bitnami/wo...')
#6 /opt/bitnami/wordpress/gb/index.php(17): require('/opt/bitnami/wo...')
#7 {main}
  thrown in /bitnami/wordpress/gb/wp-content/themes/whill-us-2017/footer.php on line 205
[26-Mar-2021 16:08:49 UTC] PHP Fatal error:  Uncaught Error: Call to undefined function get_field() in /bitnami/wordpress/gb/wp-content/themes/whill-us-2017/footer.php:205
Stack trace:
#0 /opt/bitnami/wordpress/gb/wp-includes/template.php(723): require_once()
#1 /opt/bitnami/wordpress/gb/wp-includes/template.php(672): load_template()
#2 /opt/bitnami/wordpress/gb/wp-includes/general-template.php(76): locate_template()
#3 /bitnami/wordpress/gb/wp-content/themes/whill-us-2017/404.php(21): get_footer()
#4 /opt/bitnami/wordpress/gb/wp-includes/template-loader.php(106): include('/bitnami/wordpr...')
#5 /opt/bitnami/wordpress/gb/wp-blog-header.php(19): require_once('/opt/bitnami/wo...')
#6 /opt/bitnami/wordpress/gb/index.php(17): require('/opt/bitnami/wo...')
#7 {main}
  thrown in /bitnami/wordpress/gb/wp-content/themes/whill-us-2017/footer.php on line 205
[26-Mar-2021 16:09:46 UTC] PHP Fatal error:  Uncaught Error: Call to undefined function get_field() in /bitnami/wordpress/gb/wp-content/themes/whill-us-2017/footer.php:205
Stack trace:
#0 /opt/bitnami/wordpress/gb/wp-includes/template.php(723): require_once()
#1 /opt/bitnami/wordpress/gb/wp-includes/template.php(672): load_template()
#2 /opt/bitnami/wordpress/gb/wp-includes/general-template.php(76): locate_template()
#3 /bitnami/wordpress/gb/wp-content/themes/whill-us-2017/404.php(21): get_footer()
#4 /opt/bitnami/wordpress/gb/wp-includes/template-loader.php(106): include('/bitnami/wordpr...')
#5 /opt/bitnami/wordpress/gb/wp-blog-header.php(19): require_once('/opt/bitnami/wo...')
#6 /opt/bitnami/wordpress/gb/index.php(17): require('/opt/bitnami/wo...')
#7 {main}
  thrown in /bitnami/wordpress/gb/wp-content/themes/whill-us-2017/footer.php on line 205
[26-Mar-2021 16:20:58 UTC] PHP Warning:  Creating default object from empty value in /bitnami/wordpress/gb/wp-content/plugins/all-in-one-wp-migration/lib/model/class-ai1wm-updater.php on line 92
[26-Mar-2021 16:22:06 UTC] PHP Warning:  Creating default object from empty value in /bitnami/wordpress/gb/wp-content/plugins/all-in-one-wp-migration/lib/model/class-ai1wm-updater.php on line 92
[26-Mar-2021 16:23:30 UTC] PHP Warning:  Creating default object from empty value in /bitnami/wordpress/gb/wp-content/plugins/all-in-one-wp-migration/lib/model/class-ai1wm-updater.php on line 92
[26-Mar-2021 16:23:30 UTC] PHP Warning:  Creating default object from empty value in /bitnami/wordpress/gb/wp-content/plugins/all-in-one-wp-migration/lib/model/class-ai1wm-updater.php on line 92
[26-Mar-2021 16:23:31 UTC] PHP Warning:  Creating default object from empty value in /bitnami/wordpress/gb/wp-content/plugins/all-in-one-wp-migration/lib/model/class-ai1wm-updater.php on line 92
[26-Mar-2021 16:23:32 UTC] PHP Warning:  Creating default object from empty value in /bitnami/wordpress/gb/wp-content/plugins/all-in-one-wp-migration/lib/model/class-ai1wm-updater.php on line 92
[30-Mar-2021 18:07:17 UTC] PHP Fatal error:  Uncaught Error: Call to a member function to_array() on null in /bitnami/wordpress/gb/wp-content/plugins/contact-form-7/includes/rest-api.php:397
Stack trace:
#0 [internal function]: {closure}()
#1 /bitnami/wordpress/gb/wp-content/plugins/contact-form-7/includes/rest-api.php(401): array_map()
#2 /bitnami/wordpress/gb/wp-content/plugins/contact-form-7/includes/rest-api.php(262): wpcf7_get_properties_for_api()
#3 /opt/bitnami/wordpress/gb/wp-includes/rest-api/class-wp-rest-server.php(1015): wpcf7_rest_update_contact_form()
#4 /opt/bitnami/wordpress/gb/wp-includes/rest-api/class-wp-rest-server.php(342): WP_REST_Server->dispatch()
#5 /opt/bitnami/wordpress/gb/wp-includes/rest-api.php(306): WP_REST_Server->serve_request()
#6 /opt/bitnami/wordpress/gb/wp-includes/class-wp-hook.php(287): rest_api_loaded()
#7 /opt/bitnami/wordpress/gb/wp-includes/class-wp-hook.php(311): WP_Hook->apply_filters()
#8 /opt/bitnami/wordpress/gb/wp-includes/plugin.php(544): WP_Hook->do_action()
#9 /opt/bitnami/wordpress/gb/wp-includes/clas in /bitnami/wordpress/gb/wp-content/plugins/contact-form-7/includes/rest-api.php on line 397
[30-Mar-2021 18:08:09 UTC] PHP Fatal error:  Uncaught Error: Call to a member function to_array() on null in /bitnami/wordpress/gb/wp-content/plugins/contact-form-7/includes/rest-api.php:397
Stack trace:
#0 [internal function]: {closure}()
#1 /bitnami/wordpress/gb/wp-content/plugins/contact-form-7/includes/rest-api.php(401): array_map()
#2 /bitnami/wordpress/gb/wp-content/plugins/contact-form-7/includes/rest-api.php(262): wpcf7_get_properties_for_api()
#3 /opt/bitnami/wordpress/gb/wp-includes/rest-api/class-wp-rest-server.php(1015): wpcf7_rest_update_contact_form()
#4 /opt/bitnami/wordpress/gb/wp-includes/rest-api/class-wp-rest-server.php(342): WP_REST_Server->dispatch()
#5 /opt/bitnami/wordpress/gb/wp-includes/rest-api.php(306): WP_REST_Server->serve_request()
#6 /opt/bitnami/wordpress/gb/wp-includes/class-wp-hook.php(287): rest_api_loaded()
#7 /opt/bitnami/wordpress/gb/wp-includes/class-wp-hook.php(311): WP_Hook->apply_filters()
#8 /opt/bitnami/wordpress/gb/wp-includes/plugin.php(544): WP_Hook->do_action()
#9 /opt/bitnami/wordpress/gb/wp-includes/clas in /bitnami/wordpress/gb/wp-content/plugins/contact-form-7/includes/rest-api.php on line 397
[30-Mar-2021 18:10:28 UTC] PHP Fatal error:  Uncaught Error: Call to a member function to_array() on null in /bitnami/wordpress/gb/wp-content/plugins/contact-form-7/includes/rest-api.php:397
Stack trace:
#0 [internal function]: {closure}()
#1 /bitnami/wordpress/gb/wp-content/plugins/contact-form-7/includes/rest-api.php(401): array_map()
#2 /bitnami/wordpress/gb/wp-content/plugins/contact-form-7/includes/rest-api.php(262): wpcf7_get_properties_for_api()
#3 /opt/bitnami/wordpress/gb/wp-includes/rest-api/class-wp-rest-server.php(1015): wpcf7_rest_update_contact_form()
#4 /opt/bitnami/wordpress/gb/wp-includes/rest-api/class-wp-rest-server.php(342): WP_REST_Server->dispatch()
#5 /opt/bitnami/wordpress/gb/wp-includes/rest-api.php(306): WP_REST_Server->serve_request()
#6 /opt/bitnami/wordpress/gb/wp-includes/class-wp-hook.php(287): rest_api_loaded()
#7 /opt/bitnami/wordpress/gb/wp-includes/class-wp-hook.php(311): WP_Hook->apply_filters()
#8 /opt/bitnami/wordpress/gb/wp-includes/plugin.php(544): WP_Hook->do_action()
#9 /opt/bitnami/wordpress/gb/wp-includes/clas in /bitnami/wordpress/gb/wp-content/plugins/contact-form-7/includes/rest-api.php on line 397
[30-Mar-2021 18:11:45 UTC] PHP Fatal error:  Uncaught Error: Call to a member function to_array() on null in /bitnami/wordpress/gb/wp-content/plugins/contact-form-7/includes/rest-api.php:397
Stack trace:
#0 [internal function]: {closure}()
#1 /bitnami/wordpress/gb/wp-content/plugins/contact-form-7/includes/rest-api.php(401): array_map()
#2 /bitnami/wordpress/gb/wp-content/plugins/contact-form-7/includes/rest-api.php(262): wpcf7_get_properties_for_api()
#3 /opt/bitnami/wordpress/gb/wp-includes/rest-api/class-wp-rest-server.php(1015): wpcf7_rest_update_contact_form()
#4 /opt/bitnami/wordpress/gb/wp-includes/rest-api/class-wp-rest-server.php(342): WP_REST_Server->dispatch()
#5 /opt/bitnami/wordpress/gb/wp-includes/rest-api.php(306): WP_REST_Server->serve_request()
#6 /opt/bitnami/wordpress/gb/wp-includes/class-wp-hook.php(287): rest_api_loaded()
#7 /opt/bitnami/wordpress/gb/wp-includes/class-wp-hook.php(311): WP_Hook->apply_filters()
#8 /opt/bitnami/wordpress/gb/wp-includes/plugin.php(544): WP_Hook->do_action()
#9 /opt/bitnami/wordpress/gb/wp-includes/clas in /bitnami/wordpress/gb/wp-content/plugins/contact-form-7/includes/rest-api.php on line 397
[06-Apr-2021 16:21:30 UTC] PHP Warning:  require_once(/bitnami/wordpress/gb/wp-content/plugins/sitepress-multilingual-cms/classes/requirements/WordPress.php): failed to open stream: No such file or directory in /bitnami/wordpress/gb/wp-content/plugins/sitepress-multilingual-cms/sitepress.php on line 26
[06-Apr-2021 16:21:30 UTC] PHP Fatal error:  require_once(): Failed opening required '/bitnami/wordpress/gb/wp-content/plugins/sitepress-multilingual-cms/classes/requirements/WordPress.php' (include_path='.:/opt/bitnami/php/lib/php') in /bitnami/wordpress/gb/wp-content/plugins/sitepress-multilingual-cms/sitepress.php on line 26
[06-Apr-2021 16:22:14 UTC] PHP Warning:  require_once(/bitnami/wordpress/gb/wp-content/plugins/sitepress-multilingual-cms/vendor/autoload.php): failed to open stream: No such file or directory in /bitnami/wordpress/gb/wp-content/plugins/sitepress-multilingual-cms/sitepress.php on line 53
[06-Apr-2021 16:22:14 UTC] PHP Fatal error:  require_once(): Failed opening required '/bitnami/wordpress/gb/wp-content/plugins/sitepress-multilingual-cms/vendor/autoload.php' (include_path='.:/opt/bitnami/php/lib/php') in /bitnami/wordpress/gb/wp-content/plugins/sitepress-multilingual-cms/sitepress.php on line 53
[06-Apr-2021 16:22:19 UTC] PHP Warning:  require_once(/bitnami/wordpress/gb/wp-content/plugins/sitepress-multilingual-cms/vendor/autoload.php): failed to open stream: No such file or directory in /bitnami/wordpress/gb/wp-content/plugins/sitepress-multilingual-cms/sitepress.php on line 53
[06-Apr-2021 16:22:19 UTC] PHP Fatal error:  require_once(): Failed opening required '/bitnami/wordpress/gb/wp-content/plugins/sitepress-multilingual-cms/vendor/autoload.php' (include_path='.:/opt/bitnami/php/lib/php') in /bitnami/wordpress/gb/wp-content/plugins/sitepress-multilingual-cms/sitepress.php on line 53
[06-Apr-2021 16:22:19 UTC] PHP Warning:  require_once(/bitnami/wordpress/gb/wp-content/plugins/sitepress-multilingual-cms/vendor/autoload.php): failed to open stream: No such file or directory in /bitnami/wordpress/gb/wp-content/plugins/sitepress-multilingual-cms/sitepress.php on line 53
[06-Apr-2021 16:22:19 UTC] PHP Fatal error:  require_once(): Failed opening required '/bitnami/wordpress/gb/wp-content/plugins/sitepress-multilingual-cms/vendor/autoload.php' (include_path='.:/opt/bitnami/php/lib/php') in /bitnami/wordpress/gb/wp-content/plugins/sitepress-multilingual-cms/sitepress.php on line 53
[14-Apr-2021 14:44:58 UTC] PHP Fatal error:  Uncaught Error: Call to a member function to_array() on null in /bitnami/wordpress/gb/wp-content/plugins/contact-form-7/includes/rest-api.php:397
Stack trace:
#0 [internal function]: {closure}()
#1 /bitnami/wordpress/gb/wp-content/plugins/contact-form-7/includes/rest-api.php(401): array_map()
#2 /bitnami/wordpress/gb/wp-content/plugins/contact-form-7/includes/rest-api.php(262): wpcf7_get_properties_for_api()
#3 /opt/bitnami/wordpress/gb/wp-includes/rest-api/class-wp-rest-server.php(1015): wpcf7_rest_update_contact_form()
#4 /opt/bitnami/wordpress/gb/wp-includes/rest-api/class-wp-rest-server.php(342): WP_REST_Server->dispatch()
#5 /opt/bitnami/wordpress/gb/wp-includes/rest-api.php(306): WP_REST_Server->serve_request()
#6 /opt/bitnami/wordpress/gb/wp-includes/class-wp-hook.php(287): rest_api_loaded()
#7 /opt/bitnami/wordpress/gb/wp-includes/class-wp-hook.php(311): WP_Hook->apply_filters()
#8 /opt/bitnami/wordpress/gb/wp-includes/plugin.php(544): WP_Hook->do_action()
#9 /opt/bitnami/wordpress/gb/wp-includes/clas in /bitnami/wordpress/gb/wp-content/plugins/contact-form-7/includes/rest-api.php on line 397
[22-Apr-2021 16:58:23 UTC] PHP Parse error:  syntax error, unexpected '=>' (T_DOUBLE_ARROW) in /bitnami/wordpress/gb/wp-content/themes/whill-us-2017/index.php on line 202
